72 error Error: Command failed with exit code 1: git commit -F /private/var/folders/j7/s6hh0hh55zs8s45mr197bdfc0000gn/T/84b4dd9e-6434-4e5a-bbde-b571567463fd/lerna-commit.txt
72 error yarn run v1.22.15
72 error $ cd packages/tcm-cli && yarn build
72 error $ tsc -p tsconfig.json
72 error Done in 11.24s.
72 error yarn run v1.22.15
72 error $ lerna run lint --stream
72 error lerna notice cli v6.3.0
72 error lerna info versioning independent
72 error
72 error  >  Lerna (powered by Nx)   Running target lint for 10 projects:
72 error
72 error     - @techstack/components
72 error     - @techstack/font-picker-react
72 error     - @techstack/memoize
72 error     - @techstack/react-feather
72 error     - @techstack/react-lazy-named
72 error     - @techstack/react-textfit
72 error     - @techstack/styled-system
72 error     - @techstack/tcm-cli
72 error     - @techstack/theme
72 error     - @techstack/x-default-browser
72 error
72 error
72 error
72 error > @techstack/tcm-cli:lint
72 error
72 error
72 error > @techstack/memoize:lint
72 error
72 error
72 error > @techstack/react-feather:lint
72 error
72 error
72 error > @techstack/react-lazy-named:lint
72 error
72 error
72 error > @techstack/styled-system:lint
72 error
72 error
72 error > @techstack/theme:lint
72 error
72 error
72 error > @techstack/components:lint
72 error
72 error
72 error > @techstack/font-picker-react:lint
72 error
72 error
72 error > @techstack/react-textfit:lint
72 error
72 error
72 error > @techstack/x-default-browser:lint
72 error
72 error @techstack/tcm-cli: [2K[1G[2m$ node dist/index.js lint ./[22m
72 error @techstack/react-feather: [2K[1G[2m$ tcm lint[22m
72 error @techstack/memoize: [2K[1G[2m$ tcm lint[22m
72 error @techstack/x-default-browser: [2K[1G[2m$ tcm lint src bin[22m
72 error @techstack/font-picker-react: [2K[1G[33mwarning[39m package.json: No license field
72 error @techstack/font-picker-react: [2K[1G[2m$ tcm lint[22m
72 error @techstack/components: [2K[1G[2m$ yarn build:tokens && tcm lint[22m
72 error @techstack/react-lazy-named: [2K[1G[2m$ tcm lint[22m
72 error @techstack/theme: [2K[1G[2m$ tcm lint[22m
72 error @techstack/react-textfit: [2K[1G[2m$ tcm lint[22m
72 error @techstack/styled-system: [2K[1G[2m$ tcm lint[22m
72 error @techstack/components: [2K[1G[2m$ orchard generate[22m
72 error @techstack/font-picker-react: [33mDefaulting to "tcm lint src" [39m
72 error @techstack/font-picker-react: [33mYou can override this in the package.json scripts, like "lint": "tcm lint src otherDir"[39m
72 error @techstack/theme: [33mDefaulting to "tcm lint src" [39m
72 error @techstack/theme: [33mYou can override this in the package.json scripts, like "lint": "tcm lint src otherDir"[39m
72 error @techstack/react-feather: [33mDefaulting to "tcm lint src" [39m
72 error @techstack/react-feather: [33mYou can override this in the package.json scripts, like "lint": "tcm lint src otherDir"[39m
72 error @techstack/react-lazy-named: [33mDefaulting to "tcm lint src" [39m
72 error @techstack/react-lazy-named: [33mYou can override this in the package.json scripts, like "lint": "tcm lint src otherDir"[39m
72 error @techstack/react-textfit: [33mDefaulting to "tcm lint src" [39m
72 error @techstack/react-textfit: [33mYou can override this in the package.json scripts, like "lint": "tcm lint src otherDir"[39m
72 error @techstack/memoize: [33mDefaulting to "tcm lint src test" [39m
72 error @techstack/memoize: [33mYou can override this in the package.json scripts, like "lint": "tcm lint src otherDir"[39m
72 error @techstack/styled-system: [33mDefaulting to "tcm lint src" [39m
72 error @techstack/styled-system: [33mYou can override this in the package.json scripts, like "lint": "tcm lint src otherDir"[39m
72 error @techstack/components: Using default theme
72 error @techstack/components: /Users/iv0706/code/TechStack/packages/theme/dist/esm/theme/default/**/*.json
72 error @techstack/components: Property Value Collisions:
72 error @techstack/components: Collision detected at: borders.0! Original value: 0, New value: 0
72 error @techstack/components: Collision detected at: borders.0! Original value: /Users/iv0706/code/TechStack/packages/theme/dist/esm/theme/default/border.json, New value: /Users/iv0706/code/TechStack/packages/theme/dist/esm/theme/default/border.json
72 error @techstack/components: Collision detected at: borders.0! Original value: true, New value: true
72 error @techstack/components: Collision detected at: borders.1! Original value: 1px solid, New value: 1px solid
72 error @techstack/components: Collision detected at: borders.1! Original value: /Users/iv0706/code/TechStack/packages/theme/dist/esm/theme/default/border.json, New value: /Users/iv0706/code/TechStack/packages/theme/dist/esm/theme/default/border.json
72 error @techstack/components: Collision detected at: borders.1! Original value: true, New value: true
72 error @techstack/components: Collision detected at: borders.2! Original value: 2px solid, New value: 2px solid
72 error @techstack/components: Collision detected at: borders.2! Original value: /Users/iv0706/code/TechStack/packages/theme/dist/esm/theme/default/border.json, New value: /Users/iv0706/code/TechStack/packages/theme/dist/esm/theme/default/border.json
72 error @techstack/components: Collision detected at: borders.2! Original value: true, New value: true
72 error @techstack/components: Collision detected at: borders.3! Original value: 3px solid, New value: 3px solid
72 error @techstack/components: Collision detected at: borders.3! Original value: /Users/iv0706/code/TechStack/packages/theme/dist/esm/theme/default/border.json, New value: /Users/iv0706/code/TechStack/packages/theme/dist/esm/theme/default/border.json
72 error @techstack/components: Collision detected at: borders.3! Original value: true, New value: true
72 error @techstack/components: Collision detected at: breakpoints.0! Original value: 0, New value: 0
72 error @techstack/components: Collision detected at: breakpoints.0! Original value: /Users/iv0706/code/TechStack/packages/theme/dist/esm/theme/default/breakpoints.json, New value: /Users/iv0706/code/TechStack/packages/theme/dist/esm/theme/default/breakpoints.json
72 error @techstack/components: Collision detected at: breakpoints.0! Original value: true, New value: true
72 error @techstack/components: Collision detected at: breakpoints.1! Original value: 576px, New value: 576px
72 error @techstack/components: Collision detected at: breakpoints.1! Original value: /Users/iv0706/code/TechStack/packages/theme/dist/esm/theme/default/breakpoints.json, New value: /Users/iv0706/code/TechStack/packages/theme/dist/esm/theme/default/breakpoints.json
72 error @techstack/components: Collision detected at: breakpoints.1! Original value: true, New value: true
72 error @techstack/components: Collision detected at: breakpoints.2! Original value: 768px, New value: 768px
72 error @techstack/components: Collision detected at: breakpoints.2! Original value: /Users/iv0706/code/TechStack/packages/theme/dist/esm/theme/default/breakpoints.json, New value: /Users/iv0706/code/TechStack/packages/theme/dist/esm/theme/default/breakpoints.json
72 error @techstack/components: Collision detected at: breakpoints.2! Original value: true, New value: true
72 error @techstack/components: Collision detected at: breakpoints.3! Original value: 992px, New value: 992px
72 error @techstack/components: Collision detected at: breakpoints.3! Original value: /Users/iv0706/code/TechStack/packages/theme/dist/esm/theme/default/breakpoints.json, New value: /Users/iv0706/code/TechStack/packages/theme/dist/esm/theme/default/breakpoints.json
72 error @techstack/components: Collision detected at: breakpoints.3! Original value: true, New value: true
72 error @techstack/components: Collision detected at: breakpoints.4! Original value: 1200px, New value: 1200px
72 error @techstack/components: Collision detected at: breakpoints.4! Original value: /Users/iv0706/code/TechStack/packages/theme/dist/esm/theme/default/breakpoints.json, New value: /Users/iv0706/code/TechStack/packages/theme/dist/esm/theme/default/breakpoints.json
72 error @techstack/components: Collision detected at: breakpoints.4! Original value: true, New value: true
72 error @techstack/components: Collision detected at: breakpointSizes.sm! Original value: 576px, New value: 576px
72 error @techstack/components: Collision detected at: breakpointSizes.sm! Original value: /Users/iv0706/code/TechStack/packages/theme/dist/esm/theme/default/breakpoints.json, New value: /Users/iv0706/code/TechStack/packages/theme/dist/esm/theme/default/breakpoints.json
72 error @techstack/components: Collision detected at: breakpointSizes.sm! Original value: true, New value: true
72 error @techstack/components: Collision detected at: breakpointSizes.md! Original value: 768px, New value: 768px
72 error @techstack/components: Collision detected at: breakpointSizes.md! Original value: /Users/iv0706/code/TechStack/packages/theme/dist/esm/theme/default/breakpoints.json, New value: /Users/iv0706/code/TechStack/packages/theme/dist/esm/theme/default/breakpoints.json
72 error @techstack/components: Collision detected at: breakpointSizes.md! Original value: true, New value: true
72 error @techstack/components: Collision detected at: breakpointSizes.lg! Original value: 992px, New value: 992px
72 error @techstack/components: Collision detected at: breakpointSizes.lg! Original value: /Users/iv0706/code/TechStack/packages/theme/dist/esm/theme/default/breakpoints.json, New value: /Users/iv0706/code/TechStack/packages/theme/dist/esm/theme/default/breakpoints.json
72 error @techstack/components: Collision detected at: breakpointSizes.lg! Original value: true, New value: true
72 error @techstack/components: Collision detected at: breakpointSizes.xlg! Original value: 1200px, New value: 1200px
72 error @techstack/components: Collision detected at: breakpointSizes.xlg! Original value: /Users/iv0706/code/TechStack/packages/theme/dist/esm/theme/default/breakpoints.json, New value: /Users/iv0706/code/TechStack/packages/theme/dist/esm/theme/default/breakpoints.json
72 error @techstack/components: Collision detected at: breakpointSizes.xlg! Original value: true, New value: true
72 error @techstack/components: Collision detected at: color.common.brand! Original value: #009fe3, New value: #009fe3
72 error @techstack/components: Collision detected at: color.common.brand! Original value: /Users/iv0706/code/TechStack/packages/theme/dist/esm/theme/default/color/core.json, New value: /Users/iv0706/code/TechStack/packages/theme/dist/esm/theme/default/color/core.json
72 error @techstack/components: Collision detected at: color.common.brand! Original value: true, New value: true
72 error @techstack/components: Collision detected at: color.common.white! Original value: #fff, New value: #fff
72 error @techstack/components: Collision detected at: color.common.white! Original value: /Users/iv0706/code/TechStack/packages/theme/dist/esm/theme/default/color/core.json, New value: /Users/iv0706/code/TechStack/packages/theme/dist/esm/theme/default/color/core.json
72 error @techstack/components: Collision detected at: color.common.white! Original value: true, New value: true
72 error @techstack/components: Collision detected at: color.common.black! Original value: #000, New value: #000
72 error @techstack/components: Collision detected at: color.common.black! Original value: /Users/iv0706/code/TechStack/packages/theme/dist/esm/theme/default/color/core.json, New value: /Users/iv0706/code/TechStack/packages/theme/dist/esm/theme/default/color/core.json
72 error @techstack/components: Collision detected at: color.common.black! Original value: true, New value: true
72 error @techstack/components: Collision detected at: color.common.primary.0! Original value: #5a90b1, New value: #5a90b1
72 error @techstack/components: Collision detected at: color.common.primary.0! Original value: /Users/iv0706/code/TechStack/packages/theme/dist/esm/theme/default/color/core.json, New value: /Users/iv0706/code/TechStack/packages/theme/dist/esm/theme/default/color/core.json
72 error @techstack/components: Collision detected at: color.common.primary.0! Original value: true, New value: true
72 error @techstack/components: Collision detected at: color.common.primary.1! Original value: #5485a3, New value: #5485a3
72 error @techstack/components: Collision detected at: color.common.primary.1! Original value: /Users/iv0706/code/TechStack/packages/theme/dist/esm/theme/default/color/core.json, New value: /Users/iv0706/code/TechStack/packages/theme/dist/esm/theme/default/color/core.json
72 error @techstack/components: Collision detected at: color.common.primary.1! Original value: true, New value: true
72 error @techstack/components: Collision detected at: color.common.primary.2! Original value: #6b9bb9, New value: #6b9bb9
72 error @techstack/components: Collision detected at: color.common.primary.2! Original value: /Users/iv0706/code/TechStack/packages/theme/dist/esm/theme/default/color/core.json, New value: /Users/iv0706/code/TechStack/packages/theme/dist/esm/theme/default/color/core.json
72 error @techstack/components: Collision detected at: color.common.primary.2! Original value: true, New value: true
72 error @techstack/components: Collision detected at: color.common.primary.3! Original value: #83acc5, New value: #83acc5
72 error @techstack/components: Collision detected at: color.common.primary.3! Original value: /Users/iv0706/code/TechStack/packages/theme/dist/esm/theme/default/color/core.json, New value: /Users/iv0706/code/TechStack/packages/theme/dist/esm/theme/default/color/core.json
72 error @techstack/components: Collision detected at: color.common.primary.3! Original value: true, New value: true
72 error @techstack/components: Collision detected at: color.common.primary.4! Original value: #dee9ef, New value: #dee9ef
72 error @techstack/components: node:fs:1529
72 error @techstack/components:   handleErrorFromBinding(ctx);
72 error @techstack/components:   ^
72 error @techstack/components: Error: ENOENT: no such file or directory, lstat './ts'
72 error @techstack/components:     at Object.lstatSync (node:fs:1529:3)
72 error @techstack/components:     at Object.lstatSync (/Users/iv0706/code/TechStack/node_modules/graceful-fs/polyfills.js:318:34)
72 error @techstack/components:     at statFunc (/Users/iv0706/code/TechStack/packages/theme/node_modules/fs-extra/lib/util/stat.js:24:20)
72 error @techstack/components:     at getStatsSync (/Users/iv0706/code/TechStack/packages/theme/node_modules/fs-extra/lib/util/stat.js:25:19)
72 error @techstack/components:     at Object.checkPathsSync (/Users/iv0706/code/TechStack/packages/theme/node_modules/fs-extra/lib/util/stat.js:67:33)
72 error @techstack/components:     at Object.copySync (/Users/iv0706/code/TechStack/packages/theme/node_modules/fs-extra/lib/copy/copy-sync.js:27:38)
72 error @techstack/components:     at generate (/Users/iv0706/code/TechStack/packages/theme/dist/esm/index.js:198:8) {
72 error @techstack/components:   errno: -2,
72 error @techstack/components:   syscall: 'lstat',
72 error @techstack/components:   code: 'ENOENT',
72 error @techstack/components:   path: './ts'
72 error @techstack/components: }
72 error @techstack/components: [2K[1G[31merror[39m Command failed with exit code 1.
72 error @techstack/components: Collision detected at: color.common.primary.4! Original value: /Users/iv0706/code/TechStack/packages/theme/dist/esm/theme/default/color/core.json, New value: /Users/iv0706[2K[1G[34minfo[39m Visit [1mhttps://yarnpkg.com/en/docs/cli/run[22m for documentation about this command.
72 error @techstack/components: [2K[1G[31merror[39m Command failed with exit code 1.
72 error @techstack/components: [2K[1G[34minfo[39m Visit [1mhttps://yarnpkg.com/en/docs/cli/run[22m for documentation about this command.
72 error @techstack/theme: [0m[0m
72 error @techstack/theme: [0m[4m/Users/iv0706/code/TechStack/packages/theme/src/index.ts[24m[0m
72 error @techstack/theme: [0m  [2m241:54[22m  [31merror[39m  Replace `Â·:Â·`${process.cwd()}/theme`` with `âŽÂ·Â·Â·Â·:Â·`${process.cwd()}/theme`;`  [2mprettier/prettier[22m[0m
72 error @techstack/theme: [0m[0m
72 error @techstack/theme: [0m[31m[1mâœ– 1 problem (1 error, 0 warnings)[22m[39m[0m
72 error @techstack/theme: [0m[31m[1m[22m[39m[31m[1m  1 error and 0 warnings potentially fixable with the `--fix` option.[22m[39m[0m
72 error @techstack/theme: [0m[31m[1m[22m[39m[0m
72 error @techstack/theme: [2K[1G[31merror[39m Command failed with exit code 1.
72 error @techstack/theme: [2K[1G[34minfo[39m Visit [1mhttps://yarnpkg.com/en/docs/cli/run[22m for documentation about this command.
72 error
72 error
72 error
72 error  >  Lerna (powered by Nx)   Running target lint for 10 projects failed
72 error
72 error    Failed tasks:
72 error
72 error    - @techstack/components:lint
72 error    - @techstack/theme:lint
72 error
72 error    View structured, searchable error logs at https://nx.app/runs/Ud7EPQzEoQ
72 error
72 error error Command failed with exit code 1.
72 error info Visit https://yarnpkg.com/en/docs/cli/run for documentation about this command.
72 error husky - pre-commit hook exited with code 1 (error)
72 error     at makeError (/Users/iv0706/code/TechStack/node_modules/execa/lib/error.js:60:11)
72 error     at handlePromise (/Users/iv0706/code/TechStack/node_modules/execa/index.js:118:26)
72 error     at runMicrotasks (<anonymous>)
72 error     at processTicksAndRejections (node:internal/process/task_queues:96:5)
72 error     at async Promise.all (index 0)
